<?xml version="1.0" encoding="utf-8"?><testsuites><testsuite name="pytest" errors="0" failures="0" skipped="0" tests="21" time="6.024" timestamp="2024-01-09T17:38:43.057704" hostname="filipe-Inspiron-3442"><testcase classname="tests.test_acessp_cep.TestClass" name="test_conecta_com_api_via_cep_e_busca_cep" time="0.002" /><testcase classname="tests.test_acessp_cep.TestClass" name="test_conecta_api_e_obtem_um_value_error" time="0.003" /><testcase classname="tests.test_acessp_cep.TestClass" name="test_obtem_dados_endereco_da_api_via_cep" time="0.608" /><testcase classname="tests.test_cnpj.TestClass" name="test_quando_for_passado_um_cnpj_o_documento_deve_chamar_a_classe_cnpj" time="0.006" /><testcase classname="tests.test_cnpj.TestClass" name="test_quando_for_passado_um_valor_invalido_para_cnpj_ele_retorna_value_error" time="0.006" /><testcase classname="tests.test_cnpj.TestClass" name="test_quando_for_passado_um_valor_invalido_para_cnpj_ele_retorna_value_error_init" time="0.003" /><testcase classname="tests.test_cpf.TestClass" name="test_quando_for_passado_um_cpf_o_documento_deve_chamar_a_classe_cpf" time="0.001" /><testcase classname="tests.test_cpf.TestClass" name="test_quando_for_passado_um_valor_invalido_para_cpf_ele_retorna_value_error" time="0.001" /><testcase classname="tests.test_cpf.TestClass" name="test_quando_for_passado_um_valor_menor_que_o_desejado_para_cpf_ele_retorna_value_error_init" time="0.004" /><testcase classname="tests.test_data.TestClass" name="test_cria_data_e_obtem_dia_da_semana" time="0.003" /><testcase classname="tests.test_data.TestClass" name="test_cria_data_e_obtem_mes_cadastro" time="0.001" /><testcase classname="tests.test_data.TestClass" name="test_cria_data_e_calcula_tempo_de_cadastro" time="0.002" /><testcase classname="tests.test_documento.TestClass" name="test_cria_documento_e_obtem_value_error" time="0.006" /><testcase classname="tests.test_email.TestClass" name="test_classe_email_deve_validar_se_email_e_valido" time="0.002" /><testcase classname="tests.test_email.TestClass" name="test_classe_email_deve_validar_este_email_como_falso" time="0.006" /><testcase classname="tests.test_telefone.TestClass" name="test_quando_instanciar_a_classe_telefone_deve_retornar_o_telefone_no_padrao_br" time="0.003" /><testcase classname="tests.test_telefone.TestClass" name="test_insere_numero_telefone_sem_ddd_e_obtem_value_error" time="0.003" /><testcase classname="tests.test_usuario.TestClass" name="test_quando_idade_recebe_09_11_1993_deve_retornar_o_valor_de_30" time="0.013" /><testcase classname="tests.test_usuario.TestClass" name="test_quando_o_nome_recebe_filipe_de_bianchi_andrade_deve_retornar_apenas_andrade" time="0.003" /><testcase classname="tests.test_usuario.TestClass" name="test_verifica_se_usuario_eh_admin" time="0.002" /><testcase classname="tests.test_usuario.TestClass" name="test_testando_funcao_detalhar_que_retorna_um_dict_do_usuario_instanciado" time="0.002" /></testsuite></testsuites>